<?xml version="1.0" encoding="UTF-8"?>
<!-- Generated by org.testng.reporters.JUnitReportReporter -->
<testsuite hostname="LAPTOP-J5FCD780" failures="0" tests="1" name="com.selenium.assessment.AddUser" time="4.250" errors="0" timestamp="2022-01-31T23:50:40 SAST" skipped="0">
  <testcase classname="com.selenium.assessment.AddUser" name="fillUserInfo" time="4.250"/>
  <system-out/>
</testsuite> <!-- com.selenium.assessment.AddUser -->
