<?xml version="1.0" encoding="UTF-8"?>
<!-- Generated by org.testng.reporters.JUnitReportReporter -->
<testsuite hostname="LAPTOP-J5FCD780" failures="0" tests="6" name="com.selenium.assessment.AdminTab" time="1.729" errors="0" timestamp="2022-01-31T23:50:40 SAST" skipped="0">
  <testcase classname="com.selenium.assessment.AdminTab" name="test_case_three" time="1.654"/>
  <system-out/>
  <testcase classname="com.selenium.assessment.AdminTab" name="validateAdminUrl" time="0.000"/>
  <system-out/>
  <testcase classname="com.selenium.assessment.AdminTab" name="validateAdd" time="0.022"/>
  <system-out/>
  <testcase classname="com.selenium.assessment.AdminTab" name="validateDelete" time="0.020"/>
  <system-out/>
  <testcase classname="com.selenium.assessment.AdminTab" name="validateSearch" time="0.019"/>
  <system-out/>
  <testcase classname="com.selenium.assessment.AdminTab" name="validateReset" time="0.014"/>
  <system-out/>
</testsuite> <!-- com.selenium.assessment.AdminTab -->
