<?xml version="1.0" encoding="UTF-8"?>
<!-- Generated by org.testng.reporters.JUnitReportReporter -->
<testsuite hostname="LAPTOP-J5FCD780" failures="0" tests="4" name="com.selenium.assessment.Login" time="8.662" errors="0" timestamp="2022-01-31T23:50:40 SAST" skipped="0">
  <testcase classname="com.selenium.assessment.Login" name="login" time="8.606"/>
  <system-out/>
  <testcase classname="com.selenium.assessment.Login" name="validateUrl" time="0.005"/>
  <system-out/>
  <testcase classname="com.selenium.assessment.Login" name="validateAdminTab" time="0.029"/>
  <system-out/>
  <testcase classname="com.selenium.assessment.Login" name="validateWelcomeAdmin" time="0.022"/>
  <system-out/>
</testsuite> <!-- com.selenium.assessment.Login -->
